  [1m[36m (1.4ms)[0m  [1mCREATE TABLE "schema_migrations" ("version" varchar NOT NULL) [0m
  [1m[35m (0.1ms)[0m  select sqlite_version(*)
  [1m[36m (1.1ms)[0m  [1mCREATE UNIQUE INDEX "unique_schema_migrations" ON "schema_migrations" ("version")[0m
  [1m[35mActiveRecord::SchemaMigration Load (0.1ms)[0m  SELECT "schema_migrations".* FROM "schema_migrations"


Started GET "/" for ::1 at 2015-11-16 16:12:00 -0600
Processing by Rails::WelcomeController#index as HTML
  Rendered /Users/admin/.rvm/gems/ruby-2.1.2/gems/railties-4.2.3/lib/rails/templates/rails/welcome/index.html.erb (1.9ms)
Completed 200 OK in 48ms (Views: 36.7ms | ActiveRecord: 0.0ms)


Started GET "/" for ::1 at 2018-10-13 14:28:27 +0100
Processing by Rails::WelcomeController#index as HTML
  Rendered /Users/flatiron/.rvm/gems/ruby-2.3.3/gems/railties-4.2.10/lib/rails/templates/rails/welcome/index.html.erb (1.8ms)
Completed 200 OK in 21ms (Views: 10.3ms | ActiveRecord: 0.0ms)


Started GET "/" for ::1 at 2018-10-13 14:36:06 +0100
Processing by Rails::WelcomeController#index as HTML
  Rendered /Users/flatiron/.rvm/gems/ruby-2.3.3/gems/railties-4.2.10/lib/rails/templates/rails/welcome/index.html.erb (1.7ms)
Completed 200 OK in 24ms (Views: 13.6ms | ActiveRecord: 0.0ms)


Started GET "/" for ::1 at 2018-10-13 14:36:07 +0100
Processing by Rails::WelcomeController#index as HTML
  Rendered /Users/flatiron/.rvm/gems/ruby-2.3.3/gems/railties-4.2.10/lib/rails/templates/rails/welcome/index.html.erb (0.1ms)
Completed 200 OK in 4ms (Views: 3.3ms | ActiveRecord: 0.0ms)


Started GET "/" for ::1 at 2018-10-13 14:40:57 +0100
Processing by Rails::WelcomeController#index as HTML
  Rendered /Users/flatiron/.rvm/gems/ruby-2.3.3/gems/railties-4.2.10/lib/rails/templates/rails/welcome/index.html.erb (0.1ms)
Completed 200 OK in 3ms (Views: 2.9ms | ActiveRecord: 0.0ms)


Started GET "/" for ::1 at 2018-10-13 14:40:59 +0100
Processing by Rails::WelcomeController#index as HTML
  Rendered /Users/flatiron/.rvm/gems/ruby-2.3.3/gems/railties-4.2.10/lib/rails/templates/rails/welcome/index.html.erb (0.1ms)
Completed 200 OK in 4ms (Views: 4.0ms | ActiveRecord: 0.0ms)


Started GET "/" for ::1 at 2018-10-13 14:41:12 +0100
Processing by Rails::WelcomeController#index as HTML
  Rendered /Users/flatiron/.rvm/gems/ruby-2.3.3/gems/railties-4.2.10/lib/rails/templates/rails/welcome/index.html.erb (1.5ms)
Completed 200 OK in 25ms (Views: 10.6ms | ActiveRecord: 0.0ms)


Started GET "/" for ::1 at 2018-10-13 14:41:14 +0100
Processing by Rails::WelcomeController#index as HTML
  Rendered /Users/flatiron/.rvm/gems/ruby-2.3.3/gems/railties-4.2.10/lib/rails/templates/rails/welcome/index.html.erb (0.1ms)
Completed 200 OK in 4ms (Views: 4.0ms | ActiveRecord: 0.0ms)
